<?xml version="1.0" encoding="UTF-8"?>
<!-- Generated by org.testng.reporters.JUnitXMLReporter -->
<testsuite ignored="3" hostname="Arjun" failures="0" tests="3" name="Test" time="13.512" errors="0" timestamp="2024-10-17T11:22:45 IST">
  <testcase classname="TestCases.LoginTestCases" name="verifyInvalidCrentials" time="2.49"/>
  <testcase classname="TestCases.LoginTestCases" name="verifyInvalidCrentials" time="2.442"/>
  <testcase classname="TestCases.LoginTestCases" name="verifyInvalidCrentials" time="2.516"/>
  <testcase classname="TestCases.LoginTestCases" name="verifyValidCrentials" time="0.0">
    <ignored/>
  </testcase> <!-- verifyValidCrentials -->
  <testcase classname="TestCases.LoginTestCases" name="verifyLoginElements" time="0.0">
    <ignored/>
  </testcase> <!-- verifyLoginElements -->
  <testcase classname="TestCases.LoginTestCases" name="verifyBlankCredentials" time="0.0">
    <ignored/>
  </testcase> <!-- verifyBlankCredentials -->
</testsuite> <!-- Test -->
